<?xml version="1.0" encoding="UTF-8"?>
<testsuite name="com.example.Sesion5reto2.Sesion5reto2ApplicationTests" tests="1" skipped="0" failures="0" errors="0" timestamp="2025-06-17T03:19:37.099Z" hostname="DESKTOP-38VEDGC" time="1.679">
  <properties/>
  <testcase name="contextLoads()" classname="com.example.Sesion5reto2.Sesion5reto2ApplicationTests" time="1.679"/>
  <system-out><![CDATA[21:19:31.298 [Test worker] INFO org.springframework.test.context.support.AnnotationConfigContextLoaderUtils -- Could not detect default configuration classes for test class [com.example.Sesion5reto2.Sesion5reto2ApplicationTests]: Sesion5reto2ApplicationTests does not declare any static, non-private, non-final, nested classes annotated with @Configuration.
21:19:31.552 [Test worker] INFO org.springframework.boot.test.context.SpringBootTestContextBootstrapper -- Found @SpringBootConfiguration com.example.Sesion5reto2.UciMonitorApplication for test class com.example.Sesion5reto2.Sesion5reto2ApplicationTests

  .   ____          _            __ _ _
 /\\ / ___'_ __ _ _(_)_ __  __ _ \ \ \ \
( ( )\___ | '_ | '_| | '_ \/ _` | \ \ \ \
 \\/  ___)| |_)| | | | | || (_| |  ) ) ) )
  '  |____| .__|_| |_|_| |_\__, | / / / /
 =========|_|==============|___/=/_/_/_/

 :: Spring Boot ::                (v3.5.0)

2025-06-16T21:19:33.190-06:00  INFO 6676 --- [Sesion5reto2] [    Test worker] c.e.S.Sesion5reto2ApplicationTests       : Starting Sesion5reto2ApplicationTests using Java 24 with PID 6676 (started by HP in C:\Users\HP\Desktop\Sesion5reto2)
2025-06-16T21:19:33.193-06:00  INFO 6676 --- [Sesion5reto2] [    Test worker] c.e.S.Sesion5reto2ApplicationTests       : No active profile set, falling back to 1 default profile: "default"
2025-06-16T21:19:36.867-06:00  INFO 6676 --- [Sesion5reto2] [    Test worker] c.e.S.Sesion5reto2ApplicationTests       : Started Sesion5reto2ApplicationTests in 4.849 seconds (process running for 8.203)
]]>&#x1f4e1;<![CDATA[ Iniciando monitoreo de pacientes críticos en UCI...

2025-06-16T21:19:38.009-06:00 ERROR 6676 --- [Sesion5reto2] [     parallel-1] reactor.core.publisher.Operators         : Operator called default onErrorDropped

reactor.core.Exceptions$ErrorCallbackNotImplemented: java.lang.NullPointerException: The mapper [com.example.Sesion5reto2.UciMonitorApplication$$Lambda/0x00000124013dc4a8] returned a null value.
Caused by: java.lang.NullPointerException: The mapper [com.example.Sesion5reto2.UciMonitorApplication$$Lambda/0x00000124013dc4a8] returned a null value.
	at reactor.core.publisher.FluxMap$MapConditionalSubscriber.onNext(FluxMap.java:210) ~[reactor-core-3.6.5.jar:3.6.5]
	at reactor.core.publisher.FluxInterval$IntervalRunnable.run(FluxInterval.java:124) ~[reactor-core-3.6.5.jar:3.6.5]
	at reactor.core.scheduler.PeriodicWorkerTask.call(PeriodicWorkerTask.java:59) ~[reactor-core-3.6.5.jar:3.6.5]
	at reactor.core.scheduler.PeriodicWorkerTask.run(PeriodicWorkerTask.java:73) ~[reactor-core-3.6.5.jar:3.6.5]
	at java.base/java.util.concurrent.Executors$RunnableAdapter.call(Executors.java:545) ~[na:na]
	at java.base/java.util.concurrent.FutureTask.runAndReset(FutureTask.java:369) ~[na:na]
	at java.base/java.util.concurrent.ScheduledThreadPoolExecutor$ScheduledFutureTask.run(ScheduledThreadPoolExecutor.java:310) ~[na:na]
	at java.base/java.util.concurrent.ThreadPoolExecutor.runWorker(ThreadPoolExecutor.java:1095) ~[na:na]
	at java.base/java.util.concurrent.ThreadPoolExecutor$Worker.run(ThreadPoolExecutor.java:619) ~[na:na]
	at java.base/java.lang.Thread.run(Thread.java:1447) ~[na:na]

]]></system-out>
  <system-err><![CDATA[Mockito is currently self-attaching to enable the inline-mock-maker. This will no longer work in future releases of the JDK. Please add Mockito as an agent to your build as described in Mockito's documentation: https://javadoc.io/doc/org.mockito/mockito-core/latest/org.mockito/org/mockito/Mockito.html#0.3
WARNING: A Java agent has been loaded dynamically (C:\Users\HP\.gradle\caches\modules-2\files-2.1\net.bytebuddy\byte-buddy-agent\1.17.5\58f9507f5f28d1d3e7adfb4ec2fe37c29d332c9b\byte-buddy-agent-1.17.5.jar)
WARNING: If a serviceability tool is in use, please run with -XX:+EnableDynamicAgentLoading to hide this warning
WARNING: If a serviceability tool is not in use, please run with -Djdk.instrument.traceUsage for more information
WARNING: Dynamic loading of agents will be disallowed by default in a future release
]]></system-err>
</testsuite>
